c:\home\workspace\moba\moba_game_server\moba_client\class_client\proj.win32\debug\vc120.pdb
c:\home\workspace\moba\moba_game_server\moba_client\class_client\proj.win32\debug\vc120.idb
c:\home\workspace\moba\moba_game_server\moba_client\class_client\proj.win32\debug\tp_protocol.obj
c:\home\workspace\moba\moba_game_server\moba_client\class_client\proj.win32\debug\main.obj
c:\home\workspace\moba\moba_game_server\moba_client\class_client\proj.win32\debug\class_client.ilk
c:\home\workspace\moba\moba_game_server\moba_client\class_client\proj.win32\debug\class_client.exe
c:\home\workspace\moba\moba_game_server\moba_client\class_client\proj.win32\debug\class_client.pdb
e:\cprojects\moba_game_server\moba_client\class_client\proj.win32\debug\main.obj
e:\cprojects\moba_game_server\moba_client\class_client\proj.win32\debug\tp_protocol.obj
e:\cprojects\moba_game_server\moba_client\class_client\proj.win32\debug\class_client.ilk
e:\cprojects\moba_game_server\moba_client\class_client\proj.win32\debug\vc120.idb
e:\cprojects\moba_game_server\moba_client\class_client\proj.win32\debug\class_client.pdb
e:\cprojects\moba_game_server\moba_client\class_client\proj.win32\debug\vc120.pdb
e:\cprojects\moba_game_server\moba_client\class_client\proj.win32\debug\class_client.exe
e:\cprojects\moba_game_server\moba_client\class_client\proj.win32\debug\class_client.tlog\cl.command.1.tlog
e:\cprojects\moba_game_server\moba_client\class_client\proj.win32\debug\class_client.tlog\cl.read.1.tlog
e:\cprojects\moba_game_server\moba_client\class_client\proj.win32\debug\class_client.tlog\cl.write.1.tlog
e:\cprojects\moba_game_server\moba_client\class_client\proj.win32\debug\class_client.tlog\link.command.1.tlog
e:\cprojects\moba_game_server\moba_client\class_client\proj.win32\debug\class_client.tlog\link.read.1.tlog
e:\cprojects\moba_game_server\moba_client\class_client\proj.win32\debug\class_client.tlog\link.write.1.tlog
