20210523 00:00:40 DEBUG ../../apps/lua/scripts/auth_server/main.lua:30  
Auth Server Start at 8000
20210523 00:00:40 DEBUG ../../apps/lua/scripts/auth_server/main.lua:37  
register Auth service:[1] success!!!
20210523 00:00:40 DEBUG ../../apps/lua/scripts/database/redis_center.lua:17  
connect to redis center db success!!!!
20210523 00:00:40 DEBUG ../../apps/lua/scripts/database/mysql_auth_center.lua:16  
connect to auth center db success!!!!
20210523 00:00:46 DEBUG ../../apps/lua/scripts/auth_server/auth_service.lua:12  
Auth Recv	1
20210523 00:00:46 DEBUG ../../apps/lua/scripts/auth_server/guest.lua:11  
login	1	1	1	wF0peh3QetGp2V2VvqKa87rCnVfx3EvN
20210523 00:00:46 DEBUG ../../apps/lua/scripts/auth_server/guest.lua:71  
auth_login	1	tdk11	1
20210523 00:00:46 DEBUG ../../apps/lua/scripts/database/redis_center.lua:31  
set redis info  uvip=	0
20210523 00:00:46 DEBUG ../../apps/lua/scripts/database/redis_center.lua:44  
success
20210523 00:01:40 DEBUG ../../apps/lua/scripts/auth_server/auth_service.lua:12  
Auth Recv	5
20210523 00:01:40 DEBUG ../../apps/lua/scripts/auth_server/edit_profile.lua:12  
edit_profile	1	tdk	8	1
20210523 00:01:40 DEBUG ../../apps/lua/scripts/database/redis_center.lua:31  
set redis info  uvip=	8
20210523 00:01:40 DEBUG ../../apps/lua/scripts/database/redis_center.lua:44  
success
20210523 16:54:10 DEBUG ../../apps/lua/scripts/auth_server/main.lua:30  
Auth Server Start at 8000
20210523 16:54:10 DEBUG ../../apps/lua/scripts/auth_server/main.lua:37  
register Auth service:[1] success!!!
20210523 16:54:10 DEBUG ../../apps/lua/scripts/database/redis_center.lua:17  
connect to redis center db success!!!!
20210523 16:54:10 DEBUG ../../apps/lua/scripts/database/mysql_auth_center.lua:16  
connect to auth center db success!!!!
20210523 16:55:44 DEBUG ../../apps/lua/scripts/auth_server/auth_service.lua:13  
Auth Recv	1
20210523 16:55:44 DEBUG ../../apps/lua/scripts/auth_server/guest.lua:11  
login	1	1	1	wF0peh3QetGp2V2VvqKa87rCnVfx3EvN
20210523 16:55:44 DEBUG ../../apps/lua/scripts/auth_server/guest.lua:71  
auth_login	1	tdk	1
20210523 16:55:44 DEBUG ../../apps/lua/scripts/database/redis_center.lua:30  
set redis info  uvip=	0
20210523 16:56:55 DEBUG ../../apps/lua/scripts/auth_server/main.lua:30  
Auth Server Start at 8000
20210523 16:56:55 DEBUG ../../apps/lua/scripts/auth_server/main.lua:37  
register Auth service:[1] success!!!
20210523 16:56:55 DEBUG ../../apps/lua/scripts/database/redis_center.lua:17  
connect to redis center db success!!!!
20210523 16:56:55 DEBUG ../../apps/lua/scripts/database/mysql_auth_center.lua:16  
connect to auth center db success!!!!
20210523 16:57:09 DEBUG ../../apps/lua/scripts/auth_server/auth_service.lua:13  
Auth Recv	1
20210523 16:57:09 DEBUG ../../apps/lua/scripts/auth_server/guest.lua:11  
login	1	1	1	wF0peh3QetGp2V2VvqKa87rCnVfx3EvN
20210523 16:57:09 DEBUG ../../apps/lua/scripts/auth_server/guest.lua:71  
auth_login	1	tdk	1
20210523 16:57:09 DEBUG ../../apps/lua/scripts/database/redis_center.lua:30  
set redis info  uvip=	0
20210523 16:57:09 DEBUG ../../apps/lua/scripts/database/redis_center.lua:42  
success
20210523 16:57:17 DEBUG ../../apps/lua/scripts/auth_server/auth_service.lua:13  
Auth Recv	5
20210523 16:57:17 DEBUG ../../apps/lua/scripts/auth_server/edit_profile.lua:12  
edit_profile	1	tdk11	2	1
20210523 16:57:17 DEBUG ../../apps/lua/scripts/database/redis_center.lua:30  
set redis info  uvip=	8
20210523 16:57:17 DEBUG ../../apps/lua/scripts/database/redis_center.lua:42  
success
20210523 16:59:06 DEBUG ../../apps/lua/scripts/auth_server/auth_service.lua:13  
Auth Recv	5
20210523 16:59:06 DEBUG ../../apps/lua/scripts/auth_server/edit_profile.lua:12  
edit_profile	1	tdk11	2	1
20210523 16:59:06 DEBUG ../../apps/lua/scripts/database/redis_center.lua:30  
set redis info  uvip=	2
20210523 16:59:06 DEBUG ../../apps/lua/scripts/database/redis_center.lua:42  
success
20210523 16:59:09 DEBUG ../../apps/lua/scripts/auth_server/auth_service.lua:13  
Auth Recv	5
20210523 16:59:09 DEBUG ../../apps/lua/scripts/auth_server/edit_profile.lua:12  
edit_profile	1	tdk11	2	1
20210523 16:59:09 DEBUG ../../apps/lua/scripts/database/redis_center.lua:30  
set redis info  uvip=	2
20210523 16:59:09 DEBUG ../../apps/lua/scripts/database/redis_center.lua:42  
success
20210523 17:01:39 DEBUG ../../apps/lua/scripts/auth_server/auth_service.lua:13  
Auth Recv	1
20210523 17:01:39 DEBUG ../../apps/lua/scripts/auth_server/guest.lua:11  
login	1	1	2	wF0peh3QetGp2V2VvqKa87rCnVfx3EvN
20210523 17:01:39 DEBUG ../../apps/lua/scripts/auth_server/guest.lua:71  
auth_login	1	tdk11	1
20210523 17:01:39 DEBUG ../../apps/lua/scripts/database/redis_center.lua:30  
set redis info  uvip=	0
20210523 17:01:39 DEBUG ../../apps/lua/scripts/database/redis_center.lua:42  
success
20210523 17:03:22 DEBUG ../../apps/lua/scripts/auth_server/auth_service.lua:13  
Auth Recv	1
20210523 17:03:22 DEBUG ../../apps/lua/scripts/auth_server/guest.lua:11  
login	1	1	3	wF0peh3QetGp2V2VvqKa87rCnVfx3EvN
20210523 17:03:22 DEBUG ../../apps/lua/scripts/auth_server/guest.lua:71  
auth_login	1	tdk11	1
20210523 17:03:22 DEBUG ../../apps/lua/scripts/database/redis_center.lua:30  
set redis info  uvip=	0
20210523 17:03:22 DEBUG ../../apps/lua/scripts/database/redis_center.lua:42  
success
20210523 17:04:44 DEBUG ../../apps/lua/scripts/auth_server/main.lua:30  
Auth Server Start at 8000
20210523 17:04:44 DEBUG ../../apps/lua/scripts/auth_server/main.lua:37  
register Auth service:[1] success!!!
20210523 17:04:44 DEBUG ../../apps/lua/scripts/database/redis_center.lua:17  
connect to redis center db success!!!!
20210523 17:04:44 DEBUG ../../apps/lua/scripts/database/mysql_auth_center.lua:16  
connect to auth center db success!!!!
20210523 17:05:56 DEBUG ../../apps/lua/scripts/auth_server/main.lua:30  
Auth Server Start at 8000
20210523 17:05:56 DEBUG ../../apps/lua/scripts/auth_server/main.lua:37  
register Auth service:[1] success!!!
20210523 17:05:56 DEBUG ../../apps/lua/scripts/database/redis_center.lua:17  
connect to redis center db success!!!!
20210523 17:05:56 DEBUG ../../apps/lua/scripts/database/mysql_auth_center.lua:16  
connect to auth center db success!!!!
20210523 17:06:07 DEBUG ../../apps/lua/scripts/auth_server/auth_service.lua:13  
Auth Recv	1
20210523 17:06:07 DEBUG ../../apps/lua/scripts/auth_server/guest.lua:11  
login	1	1	1	wF0peh3QetGp2V2VvqKa87rCnVfx3EvN
20210523 17:06:07 DEBUG ../../apps/lua/scripts/auth_server/guest.lua:71  
auth_login	1	tdk11	1
20210523 17:06:07 DEBUG ../../apps/lua/scripts/database/redis_center.lua:30  
set redis info  uvip=	0
20210523 17:06:07 DEBUG ../../apps/lua/scripts/database/redis_center.lua:42  
success
20210523 17:15:42 DEBUG ../../apps/lua/scripts/auth_server/main.lua:30  
Auth Server Start at 8000
20210523 17:15:42 DEBUG ../../apps/lua/scripts/auth_server/main.lua:37  
register Auth service:[1] success!!!
20210523 17:15:42 DEBUG ../../apps/lua/scripts/database/redis_center.lua:17  
connect to redis center db success!!!!
20210523 17:15:42 DEBUG ../../apps/lua/scripts/database/mysql_auth_center.lua:16  
connect to auth center db success!!!!
20210523 17:15:57 DEBUG ../../apps/lua/scripts/auth_server/auth_service.lua:13  
Auth Recv	1
20210523 17:15:57 DEBUG ../../apps/lua/scripts/auth_server/guest.lua:11  
login	1	1	1	wF0peh3QetGp2V2VvqKa87rCnVfx3EvN
20210523 17:15:57 DEBUG ../../apps/lua/scripts/auth_server/guest.lua:71  
auth_login	1	tdk11	1
20210523 17:15:57 DEBUG ../../apps/lua/scripts/database/redis_center.lua:30  
set redis info  uvip=	0
20210523 17:15:57 DEBUG ../../apps/lua/scripts/database/redis_center.lua:42  
success
20210523 17:16:15 DEBUG ../../apps/lua/scripts/auth_server/auth_service.lua:13  
Auth Recv	7
20210523 17:17:44 DEBUG ../../apps/lua/scripts/auth_server/auth_service.lua:13  
Auth Recv	1
20210523 17:17:44 DEBUG ../../apps/lua/scripts/auth_server/guest.lua:11  
login	1	1	2	wF0peh3QetGp2V2VvqKa87rCnVfx3EvN
20210523 17:18:08 DEBUG ../../apps/lua/scripts/auth_server/auth_service.lua:13  
Auth Recv	1
20210523 17:18:08 DEBUG ../../apps/lua/scripts/auth_server/guest.lua:11  
login	1	1	3	wF0peh3QetGp2V2VvqKa87rCnVfx3EvN
20210523 17:18:08 DEBUG ../../apps/lua/scripts/auth_server/guest.lua:71  
auth_login	1	tdk11	1
20210523 17:18:08 DEBUG ../../apps/lua/scripts/database/redis_center.lua:30  
set redis info  uvip=	0
20210523 17:18:08 DEBUG ../../apps/lua/scripts/database/redis_center.lua:42  
success
20210523 17:18:24 DEBUG ../../apps/lua/scripts/auth_server/auth_service.lua:13  
Auth Recv	7
20210523 17:18:57 DEBUG ../../apps/lua/scripts/auth_server/auth_service.lua:13  
Auth Recv	7
20210523 19:40:54 ERROR trunk:0  
error loading module 'cmd_name_map' from file '../../apps/lua/scripts/cmd_name_map.lua':
	../../apps/lua/scripts/cmd_name_map.lua:10: '}' expected (to close '{' at line 1) near '"UnameLoginReq"'
20210523 19:40:54 DEBUG ../../apps/lua/scripts/database/mysql_auth_center.lua:16  
connect to auth center db success!!!!
20210523 19:41:28 DEBUG ../../apps/lua/scripts/auth_server/main.lua:30  
Auth Server Start at 8000
20210523 19:41:28 DEBUG ../../apps/lua/scripts/auth_server/main.lua:37  
register Auth service:[1] success!!!
20210523 19:41:28 DEBUG ../../apps/lua/scripts/database/mysql_auth_center.lua:16  
connect to auth center db success!!!!
20210523 19:41:30 ERROR ../../apps/lua/scripts/database/redis_center.lua:11  
由于目标计算机积极拒绝，无法连接。
20210523 19:41:37 ERROR ../../apps/lua/scripts/database/redis_center.lua:11  
由于目标计算机积极拒绝，无法连接。
20210523 19:41:44 ERROR ../../apps/lua/scripts/database/redis_center.lua:11  
由于目标计算机积极拒绝，无法连接。
20210523 19:41:51 ERROR ../../apps/lua/scripts/database/redis_center.lua:11  
由于目标计算机积极拒绝，无法连接。
20210523 19:41:58 ERROR ../../apps/lua/scripts/database/redis_center.lua:11  
由于目标计算机积极拒绝，无法连接。
20210523 19:42:05 ERROR ../../apps/lua/scripts/database/redis_center.lua:11  
由于目标计算机积极拒绝，无法连接。
20210523 19:43:21 DEBUG ../../apps/lua/scripts/auth_server/main.lua:30  
Auth Server Start at 8000
20210523 19:43:21 DEBUG ../../apps/lua/scripts/auth_server/main.lua:37  
register Auth service:[1] success!!!
20210523 19:43:21 DEBUG ../../apps/lua/scripts/database/redis_center.lua:17  
connect to redis center db success!!!!
20210523 19:43:21 DEBUG ../../apps/lua/scripts/database/mysql_auth_center.lua:16  
connect to auth center db success!!!!
20210523 19:47:34 DEBUG ../../apps/lua/scripts/auth_server/main.lua:30  
Auth Server Start at 8000
20210523 19:47:34 DEBUG ../../apps/lua/scripts/auth_server/main.lua:37  
register Auth service:[1] success!!!
20210523 19:47:34 DEBUG ../../apps/lua/scripts/database/redis_center.lua:17  
connect to redis center db success!!!!
20210523 19:47:34 DEBUG ../../apps/lua/scripts/database/mysql_auth_center.lua:16  
connect to auth center db success!!!!
20210523 19:50:40 DEBUG ../../apps/lua/scripts/auth_server/main.lua:30  
Auth Server Start at 8000
20210523 19:50:40 DEBUG ../../apps/lua/scripts/auth_server/main.lua:37  
register Auth service:[1] success!!!
20210523 19:50:40 DEBUG ../../apps/lua/scripts/database/redis_center.lua:17  
connect to redis center db success!!!!
20210523 19:50:40 DEBUG ../../apps/lua/scripts/database/mysql_auth_center.lua:16  
connect to auth center db success!!!!
20210523 19:50:57 DEBUG ../../apps/lua/scripts/auth_server/auth_service.lua:15  
Auth Recv	9
20210523 19:50:57 DEBUG ../../apps/lua/scripts/auth_server/uname_login.lua:13  
login	tao
20210523 19:50:57 ERROR e:\gitproject\moba_server\lua_wrapper\service_export_to_lua.cc:103  
[LUA ERROR] ../../apps/lua/scripts/auth_server/uname_login.lua:14: attempt to index a nil value (global 'uuname_login_req')
20210523 19:51:52 DEBUG ../../apps/lua/scripts/auth_server/main.lua:30  
Auth Server Start at 8000
20210523 19:51:52 DEBUG ../../apps/lua/scripts/auth_server/main.lua:37  
register Auth service:[1] success!!!
20210523 19:51:52 DEBUG ../../apps/lua/scripts/database/redis_center.lua:17  
connect to redis center db success!!!!
20210523 19:51:52 DEBUG ../../apps/lua/scripts/database/mysql_auth_center.lua:16  
connect to auth center db success!!!!
20210523 19:52:11 DEBUG ../../apps/lua/scripts/auth_server/auth_service.lua:15  
Auth Recv	9
20210523 19:52:11 DEBUG ../../apps/lua/scripts/auth_server/uname_login.lua:13  
login	tao
20210523 19:52:11 DEBUG ../../apps/lua/scripts/auth_server/uname_login.lua:14  
login	698D51A19D8A121CE581499D7B701668
20210523 19:52:11 ERROR e:\gitproject\moba_server\lua_wrapper\service_export_to_lua.cc:103  
[LUA ERROR] ../../apps/lua/scripts/auth_server/uname_login.lua:27: attempt to call a nil value (field 'get_uinfo_by_uname_upwd')
20210523 19:53:42 DEBUG ../../apps/lua/scripts/auth_server/main.lua:30  
Auth Server Start at 8000
20210523 19:53:42 DEBUG ../../apps/lua/scripts/auth_server/main.lua:37  
register Auth service:[1] success!!!
20210523 19:53:42 DEBUG ../../apps/lua/scripts/database/redis_center.lua:17  
connect to redis center db success!!!!
20210523 19:53:42 DEBUG ../../apps/lua/scripts/database/mysql_auth_center.lua:16  
connect to auth center db success!!!!
20210523 19:54:03 DEBUG ../../apps/lua/scripts/auth_server/auth_service.lua:15  
Auth Recv	9
20210523 19:54:03 DEBUG ../../apps/lua/scripts/auth_server/uname_login.lua:13  
login	tao
20210523 19:54:03 DEBUG ../../apps/lua/scripts/auth_server/uname_login.lua:14  
login	698D51A19D8A121CE581499D7B701668
20210523 19:54:03 DEBUG ../../apps/lua/scripts/database/redis_center.lua:30  
set redis info  uvip=	0
20210523 19:54:03 DEBUG ../../apps/lua/scripts/database/redis_center.lua:42  
success
20210523 19:55:12 DEBUG ../../apps/lua/scripts/auth_server/auth_service.lua:15  
Auth Recv	9
20210523 19:55:12 DEBUG ../../apps/lua/scripts/auth_server/uname_login.lua:13  
login	tao
20210523 19:55:12 DEBUG ../../apps/lua/scripts/auth_server/uname_login.lua:14  
login	BCBE3365E6AC95EA2C0343A2395834DD
20210523 19:55:32 DEBUG ../../apps/lua/scripts/auth_server/auth_service.lua:15  
Auth Recv	9
20210523 19:55:32 DEBUG ../../apps/lua/scripts/auth_server/uname_login.lua:13  
login	tao
20210523 19:55:32 DEBUG ../../apps/lua/scripts/auth_server/uname_login.lua:14  
login	BCBE3365E6AC95EA2C0343A2395834DD
20210523 19:55:43 DEBUG ../../apps/lua/scripts/auth_server/auth_service.lua:15  
Auth Recv	9
20210523 19:55:43 DEBUG ../../apps/lua/scripts/auth_server/uname_login.lua:13  
login	tao
20210523 19:55:43 DEBUG ../../apps/lua/scripts/auth_server/uname_login.lua:14  
login	698D51A19D8A121CE581499D7B701668
20210523 19:55:43 DEBUG ../../apps/lua/scripts/database/redis_center.lua:30  
set redis info  uvip=	0
20210523 19:55:43 DEBUG ../../apps/lua/scripts/database/redis_center.lua:42  
success
20210523 23:52:06 DEBUG ../../apps/lua/scripts/auth_server/main.lua:30  
Auth Server Start at 8000
20210523 23:52:06 DEBUG ../../apps/lua/scripts/auth_server/main.lua:37  
register Auth service:[1] success!!!
20210523 23:52:06 DEBUG ../../apps/lua/scripts/database/mysql_auth_center.lua:16  
connect to auth center db success!!!!
20210523 23:52:08 ERROR ../../apps/lua/scripts/database/redis_center.lua:11  
由于目标计算机积极拒绝，无法连接。
20210523 23:52:19 DEBUG ../../apps/lua/scripts/auth_server/main.lua:30  
Auth Server Start at 8000
20210523 23:52:19 DEBUG ../../apps/lua/scripts/auth_server/main.lua:37  
register Auth service:[1] success!!!
20210523 23:52:19 DEBUG ../../apps/lua/scripts/database/mysql_auth_center.lua:16  
connect to auth center db success!!!!
20210523 23:52:21 ERROR ../../apps/lua/scripts/database/redis_center.lua:11  
由于目标计算机积极拒绝，无法连接。
20210523 23:52:28 ERROR ../../apps/lua/scripts/database/redis_center.lua:11  
由于目标计算机积极拒绝，无法连接。
20210523 23:52:35 ERROR ../../apps/lua/scripts/database/redis_center.lua:11  
由于目标计算机积极拒绝，无法连接。
20210523 23:52:42 ERROR ../../apps/lua/scripts/database/redis_center.lua:11  
由于目标计算机积极拒绝，无法连接。
20210523 23:52:49 ERROR ../../apps/lua/scripts/database/redis_center.lua:11  
由于目标计算机积极拒绝，无法连接。
20210523 23:52:56 DEBUG ../../apps/lua/scripts/database/redis_center.lua:17  
connect to redis center db success!!!!
20210523 23:53:40 DEBUG ../../apps/lua/scripts/auth_server/auth_service.lua:17  
Auth Recv	9
20210523 23:53:40 DEBUG ../../apps/lua/scripts/auth_server/uname_login.lua:13  
login	tao
20210523 23:53:40 DEBUG ../../apps/lua/scripts/auth_server/uname_login.lua:14  
login	698D51A19D8A121CE581499D7B701668
20210523 23:53:40 DEBUG ../../apps/lua/scripts/database/redis_center.lua:30  
set redis info  uvip=	0
20210523 23:53:40 DEBUG ../../apps/lua/scripts/database/redis_center.lua:42  
success
20210523 23:53:45 DEBUG ../../apps/lua/scripts/auth_server/auth_service.lua:17  
Auth Recv	11
20210523 23:53:45 DEBUG ../../apps/lua/scripts/auth_server/login_out.lua:10  
user 1 login out!
20210523 23:53:58 DEBUG ../../apps/lua/scripts/auth_server/auth_service.lua:17  
Auth Recv	9
20210523 23:53:58 DEBUG ../../apps/lua/scripts/auth_server/uname_login.lua:13  
login	tao
20210523 23:53:58 DEBUG ../../apps/lua/scripts/auth_server/uname_login.lua:14  
login	698D51A19D8A121CE581499D7B701668
20210523 23:53:58 DEBUG ../../apps/lua/scripts/database/redis_center.lua:30  
set redis info  uvip=	0
20210523 23:53:58 DEBUG ../../apps/lua/scripts/database/redis_center.lua:42  
success
20210523 23:54:00 DEBUG ../../apps/lua/scripts/auth_server/auth_service.lua:17  
Auth Recv	11
20210523 23:54:00 DEBUG ../../apps/lua/scripts/auth_server/login_out.lua:10  
user 1 login out!
