e:\cprojects\moba_game_server\moba_server\build\proj.win32\debug\vc141.pdb
e:\cprojects\moba_game_server\moba_server\build\proj.win32\debug\vc141.idb
e:\cprojects\moba_game_server\moba_server\build\proj.win32\debug\loop-watcher.obj
e:\cprojects\moba_game_server\moba_server\build\proj.win32\debug\handle.obj
e:\cprojects\moba_game_server\moba_server\build\proj.win32\debug\getnameinfo.obj
e:\cprojects\moba_game_server\moba_server\build\proj.win32\debug\getaddrinfo.obj
e:\cprojects\moba_game_server\moba_server\build\proj.win32\debug\fs.obj
e:\cprojects\moba_game_server\moba_server\build\proj.win32\debug\fs-event.obj
e:\cprojects\moba_game_server\moba_server\build\proj.win32\debug\error.obj
e:\cprojects\moba_game_server\moba_server\build\proj.win32\debug\dl.obj
e:\cprojects\moba_game_server\moba_server\build\proj.win32\debug\core.obj
e:\cprojects\moba_game_server\moba_server\build\proj.win32\debug\async.obj
e:\cprojects\moba_game_server\moba_server\build\proj.win32\debug\version.obj
e:\cprojects\moba_game_server\moba_server\build\proj.win32\debug\uv-common.obj
e:\cprojects\moba_game_server\moba_server\build\proj.win32\debug\threadpool.obj
e:\cprojects\moba_game_server\moba_server\build\proj.win32\debug\inet.obj
e:\cprojects\moba_game_server\moba_server\build\proj.win32\debug\fs-poll.obj
e:\cprojects\moba_game_server\moba_server\build\proj.win32\debug\http_parser.obj
e:\cprojects\moba_game_server\moba_server\build\proj.win32\debug\sha1.obj
e:\cprojects\moba_game_server\moba_server\build\proj.win32\debug\md5.obj
e:\cprojects\moba_game_server\moba_server\build\proj.win32\debug\base64_encoder.obj
e:\cprojects\moba_game_server\moba_server\build\proj.win32\debug\base64_decoder.obj
e:\cprojects\moba_game_server\moba_server\build\proj.win32\debug\time_list.obj
e:\cprojects\moba_game_server\moba_server\build\proj.win32\debug\timestamp.obj
e:\cprojects\moba_game_server\moba_server\build\proj.win32\debug\cache_alloc.obj
e:\cprojects\moba_game_server\moba_server\build\proj.win32\debug\json.obj
e:\cprojects\moba_game_server\moba_server\build\proj.win32\debug\winsock.obj
e:\cprojects\moba_game_server\moba_server\build\proj.win32\debug\winapi.obj
e:\cprojects\moba_game_server\moba_server\build\proj.win32\debug\util.obj
e:\cprojects\moba_game_server\moba_server\build\proj.win32\debug\udp.obj
e:\cprojects\moba_game_server\moba_server\build\proj.win32\debug\tty.obj
e:\cprojects\moba_game_server\moba_server\build\proj.win32\debug\timer.obj
e:\cprojects\moba_game_server\moba_server\build\proj.win32\debug\thread.obj
e:\cprojects\moba_game_server\moba_server\build\proj.win32\debug\tcp.obj
e:\cprojects\moba_game_server\moba_server\build\proj.win32\debug\stream.obj
e:\cprojects\moba_game_server\moba_server\build\proj.win32\debug\snprintf.obj
e:\cprojects\moba_game_server\moba_server\build\proj.win32\debug\signal.obj
e:\cprojects\moba_game_server\moba_server\build\proj.win32\debug\req.obj
e:\cprojects\moba_game_server\moba_server\build\proj.win32\debug\process.obj
e:\cprojects\moba_game_server\moba_server\build\proj.win32\debug\process-stdio.obj
e:\cprojects\moba_game_server\moba_server\build\proj.win32\debug\poll.obj
e:\cprojects\moba_game_server\moba_server\build\proj.win32\debug\pipe.obj
e:\cprojects\moba_game_server\moba_server\build\proj.win32\debug\logger.obj
e:\cprojects\moba_game_server\moba_server\build\proj.win32\debug\ws_protocol.obj
e:\cprojects\moba_game_server\moba_server\build\proj.win32\debug\udp_session.obj
e:\cprojects\moba_game_server\moba_server\build\proj.win32\debug\tp_protocol.obj
e:\cprojects\moba_game_server\moba_server\build\proj.win32\debug\session_uv.obj
e:\cprojects\moba_game_server\moba_server\build\proj.win32\debug\service_man.obj
e:\cprojects\moba_game_server\moba_server\build\proj.win32\debug\service.obj
e:\cprojects\moba_game_server\moba_server\build\proj.win32\debug\proto_man.obj
e:\cprojects\moba_game_server\moba_server\build\proj.win32\debug\netbus.obj
e:\cprojects\moba_game_server\moba_server\build\proj.win32\debug\mysql_wrapper.obj
e:\cprojects\moba_game_server\moba_server\build\proj.win32\debug\pf_cmd_map.obj
e:\cprojects\moba_game_server\moba_server\build\proj.win32\debug\game.pb.obj
e:\cprojects\moba_game_server\moba_server\build\proj.win32\debug\main.obj
e:\cprojects\moba_game_server\moba_server\build\proj.win32\debug\moba_gameserver.exe
e:\cprojects\moba_game_server\moba_server\build\proj.win32\debug\moba_gameserver.ilk
e:\cprojects\moba_game_server\moba_server\build\proj.win32\debug\moba_gameserver.pdb
e:\cprojects\moba_game_server\moba_server\build\proj.win32\debug\moba_gameserver.tlog\cl.command.1.tlog
e:\cprojects\moba_game_server\moba_server\build\proj.win32\debug\moba_gameserver.tlog\cl.read.1.tlog
e:\cprojects\moba_game_server\moba_server\build\proj.win32\debug\moba_gameserver.tlog\cl.write.1.tlog
e:\cprojects\moba_game_server\moba_server\build\proj.win32\debug\moba_gameserver.tlog\link.command.1.tlog
e:\cprojects\moba_game_server\moba_server\build\proj.win32\debug\moba_gameserver.tlog\link.read.1.tlog
e:\cprojects\moba_game_server\moba_server\build\proj.win32\debug\moba_gameserver.tlog\link.write.1.tlog
