20210222 23:53:36 DEBUG e:\gitproject\moba_server\apps\test\main.cc:83  
1614009216
20210222 23:53:36 DEBUG e:\gitproject\moba_server\apps\test\main.cc:84  
1613923200
20210222 23:53:36 DEBUG e:\gitproject\moba_server\apps\test\main.cc:85  
1517414400
20210222 23:53:36 DEBUG e:\gitproject\moba_server\apps\test\main.cc:91  
2021-02-21 00:00:00
20210222 23:53:36 DEBUG ./main.lua:1  
HelloWorld
20210222 23:53:36 WARNING ./main.lua:2  
Warning
20210222 23:53:36 ERROR ./main.lua:3  
Error
20210222 23:53:36 ERROR trunk:0  
./main.lua:90: bad argument #-1 to 'print' (string expected, got boolean)
20210222 23:55:35 DEBUG e:\gitproject\moba_server\apps\test\main.cc:83  
1614009335
20210222 23:55:35 DEBUG e:\gitproject\moba_server\apps\test\main.cc:84  
1613923200
20210222 23:55:35 DEBUG e:\gitproject\moba_server\apps\test\main.cc:85  
1517414400
20210222 23:55:35 DEBUG e:\gitproject\moba_server\apps\test\main.cc:91  
2021-02-21 00:00:00
20210222 23:55:35 DEBUG ./main.lua:1  
HelloWorld
20210222 23:55:35 WARNING ./main.lua:2  
Warning
20210222 23:55:35 ERROR ./main.lua:3  
Error
20210222 23:55:35 ERROR trunk:0  
./main.lua:4: attempt to call a nil value (global 'Print')
20210222 23:56:02 DEBUG e:\gitproject\moba_server\apps\test\main.cc:83  
1614009362
20210222 23:56:02 DEBUG e:\gitproject\moba_server\apps\test\main.cc:84  
1613923200
20210222 23:56:02 DEBUG e:\gitproject\moba_server\apps\test\main.cc:85  
1517414400
20210222 23:56:02 DEBUG e:\gitproject\moba_server\apps\test\main.cc:91  
2021-02-21 00:00:00
20210222 23:56:02 DEBUG ./main.lua:1  
HelloWorld
20210222 23:56:02 WARNING ./main.lua:2  
Warning
20210222 23:56:02 ERROR ./main.lua:3  
Error
20210222 23:56:02 DEBUG ./main.lua:4  
print
20210222 23:56:02 ERROR trunk:0  
./main.lua:90: bad argument #-1 to 'print' (string expected, got boolean)
20210222 23:58:13 DEBUG e:\gitproject\moba_server\apps\test\main.cc:83  
1614009493
20210222 23:58:13 DEBUG e:\gitproject\moba_server\apps\test\main.cc:84  
1613923200
20210222 23:58:13 DEBUG e:\gitproject\moba_server\apps\test\main.cc:85  
1517414400
20210222 23:58:13 DEBUG e:\gitproject\moba_server\apps\test\main.cc:91  
2021-02-21 00:00:00
20210222 23:58:13 DEBUG ./main.lua:1  
HelloWorld
20210222 23:58:13 WARNING ./main.lua:2  
Warning
20210222 23:58:13 ERROR ./main.lua:3  
Error
20210222 23:58:13 DEBUG ./main.lua:4  
print
20210222 23:58:18 DEBUG ./main.lua:94  
scheduler.schedule called
20210222 23:58:19 DEBUG ./main.lua:94  
scheduler.schedule called
20210222 23:58:20 DEBUG ./main.lua:94  
scheduler.schedule called
