20210131 16:59:48 DEBUG e:\gitproject\moba_server\apps\test\main.cc:96  
1612083588
20210131 16:59:48 DEBUG e:\gitproject\moba_server\apps\test\main.cc:97  
1612022400
20210131 16:59:48 DEBUG e:\gitproject\moba_server\apps\test\main.cc:98  
1517414400
20210131 16:59:48 DEBUG e:\gitproject\moba_server\apps\test\main.cc:104  
2021-01-30 00:00:00
20210131 16:59:48 DEBUG ./main.lua:1  
HelloWorld
20210131 17:14:29 DEBUG e:\gitproject\moba_server\apps\test\main.cc:96  
1612084469
20210131 17:14:29 DEBUG e:\gitproject\moba_server\apps\test\main.cc:97  
1612022400
20210131 17:14:29 DEBUG e:\gitproject\moba_server\apps\test\main.cc:98  
1517414400
20210131 17:14:29 DEBUG e:\gitproject\moba_server\apps\test\main.cc:104  
2021-01-30 00:00:00
20210131 17:14:29 DEBUG ./main.lua:1  
HelloWorld
20210131 17:15:57 DEBUG e:\gitproject\moba_server\apps\test\main.cc:96  
1612084557
20210131 17:15:57 DEBUG e:\gitproject\moba_server\apps\test\main.cc:97  
1612022400
20210131 17:15:57 DEBUG e:\gitproject\moba_server\apps\test\main.cc:98  
1517414400
20210131 17:15:57 DEBUG e:\gitproject\moba_server\apps\test\main.cc:104  
2021-01-30 00:00:00
20210131 17:15:57 DEBUG ./main.lua:1  
HelloWorld
20210131 17:19:38 DEBUG e:\gitproject\moba_server\apps\test\main.cc:96  
1612084778
20210131 17:19:38 DEBUG e:\gitproject\moba_server\apps\test\main.cc:97  
1612022400
20210131 17:19:38 DEBUG e:\gitproject\moba_server\apps\test\main.cc:98  
1517414400
20210131 17:19:38 DEBUG e:\gitproject\moba_server\apps\test\main.cc:104  
2021-01-30 00:00:00
20210131 17:19:38 DEBUG ./main.lua:1  
HelloWorld
20210131 17:20:48 DEBUG e:\gitproject\moba_server\apps\test\main.cc:96  
1612084848
20210131 17:20:48 DEBUG e:\gitproject\moba_server\apps\test\main.cc:97  
1612022400
20210131 17:20:48 DEBUG e:\gitproject\moba_server\apps\test\main.cc:98  
1517414400
20210131 17:20:48 DEBUG e:\gitproject\moba_server\apps\test\main.cc:104  
2021-01-30 00:00:00
20210131 17:20:48 DEBUG ./main.lua:1  
HelloWorld
20210131 17:23:49 DEBUG e:\gitproject\moba_server\apps\test\main.cc:96  
1612085029
20210131 17:23:49 DEBUG e:\gitproject\moba_server\apps\test\main.cc:97  
1612022400
20210131 17:23:49 DEBUG e:\gitproject\moba_server\apps\test\main.cc:98  
1517414400
20210131 17:23:49 DEBUG e:\gitproject\moba_server\apps\test\main.cc:104  
2021-01-30 00:00:00
20210131 17:23:49 ERROR trunk:0  
./main.lua:79: 'end' expected (to close 'function' at line 52) near <eof>
20210131 17:26:44 DEBUG e:\gitproject\moba_server\apps\test\main.cc:96  
1612085204
20210131 17:26:44 DEBUG e:\gitproject\moba_server\apps\test\main.cc:97  
1612022400
20210131 17:26:44 DEBUG e:\gitproject\moba_server\apps\test\main.cc:98  
1517414400
20210131 17:26:44 DEBUG e:\gitproject\moba_server\apps\test\main.cc:104  
2021-01-30 00:00:00
20210131 17:26:44 ERROR trunk:0  
./main.lua:72: ')' expected (to close '(' at line 52) near 'redis_wrapper'
20210131 17:28:45 DEBUG e:\gitproject\moba_server\apps\test\main.cc:96  
1612085325
20210131 17:28:45 DEBUG e:\gitproject\moba_server\apps\test\main.cc:97  
1612022400
20210131 17:28:45 DEBUG e:\gitproject\moba_server\apps\test\main.cc:98  
1517414400
20210131 17:28:45 DEBUG e:\gitproject\moba_server\apps\test\main.cc:104  
2021-01-30 00:00:00
20210131 17:28:45 DEBUG ./main.lua:1  
HelloWorld
20210131 17:30:01 DEBUG e:\gitproject\moba_server\apps\test\main.cc:96  
1612085401
20210131 17:30:01 DEBUG e:\gitproject\moba_server\apps\test\main.cc:97  
1612022400
20210131 17:30:01 DEBUG e:\gitproject\moba_server\apps\test\main.cc:98  
1517414400
20210131 17:30:01 DEBUG e:\gitproject\moba_server\apps\test\main.cc:104  
2021-01-30 00:00:00
20210131 17:30:01 DEBUG ./main.lua:1  
HelloWorld
20210131 17:30:56 DEBUG e:\gitproject\moba_server\apps\test\main.cc:96  
1612085456
20210131 17:30:56 DEBUG e:\gitproject\moba_server\apps\test\main.cc:97  
1612022400
20210131 17:30:56 DEBUG e:\gitproject\moba_server\apps\test\main.cc:98  
1517414400
20210131 17:30:56 DEBUG e:\gitproject\moba_server\apps\test\main.cc:104  
2021-01-30 00:00:00
20210131 17:30:56 DEBUG ./main.lua:1  
HelloWorld
20210131 17:32:57 DEBUG e:\gitproject\moba_server\apps\test\main.cc:96  
1612085577
20210131 17:32:57 DEBUG e:\gitproject\moba_server\apps\test\main.cc:97  
1612022400
20210131 17:32:57 DEBUG e:\gitproject\moba_server\apps\test\main.cc:98  
1517414400
20210131 17:32:57 DEBUG e:\gitproject\moba_server\apps\test\main.cc:104  
2021-01-30 00:00:00
20210131 17:32:57 DEBUG ./main.lua:1  
HelloWorld
20210131 17:33:13 DEBUG e:\gitproject\moba_server\apps\test\main.cc:96  
1612085593
20210131 17:33:13 DEBUG e:\gitproject\moba_server\apps\test\main.cc:97  
1612022400
20210131 17:33:13 DEBUG e:\gitproject\moba_server\apps\test\main.cc:98  
1517414400
20210131 17:33:13 DEBUG e:\gitproject\moba_server\apps\test\main.cc:104  
2021-01-30 00:00:00
20210131 17:33:13 DEBUG ./main.lua:1  
HelloWorld
20210131 17:34:49 DEBUG e:\gitproject\moba_server\apps\test\main.cc:96  
1612085689
20210131 17:34:49 DEBUG e:\gitproject\moba_server\apps\test\main.cc:97  
1612022400
20210131 17:34:49 DEBUG e:\gitproject\moba_server\apps\test\main.cc:98  
1517414400
20210131 17:34:49 DEBUG e:\gitproject\moba_server\apps\test\main.cc:104  
2021-01-30 00:00:00
20210131 17:34:49 DEBUG ./main.lua:1  
HelloWorld
20210131 17:35:01 DEBUG e:\gitproject\moba_server\apps\test\main.cc:96  
1612085701
20210131 17:35:01 DEBUG e:\gitproject\moba_server\apps\test\main.cc:97  
1612022400
20210131 17:35:01 DEBUG e:\gitproject\moba_server\apps\test\main.cc:98  
1517414400
20210131 17:35:01 DEBUG e:\gitproject\moba_server\apps\test\main.cc:104  
2021-01-30 00:00:00
20210131 17:35:01 DEBUG ./main.lua:1  
HelloWorld
20210131 17:35:20 DEBUG e:\gitproject\moba_server\apps\test\main.cc:96  
1612085720
20210131 17:35:20 DEBUG e:\gitproject\moba_server\apps\test\main.cc:97  
1612022400
20210131 17:35:20 DEBUG e:\gitproject\moba_server\apps\test\main.cc:98  
1517414400
20210131 17:35:20 DEBUG e:\gitproject\moba_server\apps\test\main.cc:104  
2021-01-30 00:00:00
20210131 17:35:20 DEBUG ./main.lua:1  
HelloWorld
20210131 17:36:34 DEBUG e:\gitproject\moba_server\apps\test\main.cc:96  
1612085794
20210131 17:36:34 DEBUG e:\gitproject\moba_server\apps\test\main.cc:97  
1612022400
20210131 17:36:34 DEBUG e:\gitproject\moba_server\apps\test\main.cc:98  
1517414400
20210131 17:36:34 DEBUG e:\gitproject\moba_server\apps\test\main.cc:104  
2021-01-30 00:00:00
20210131 17:36:34 ERROR trunk:0  
./main.lua:78: unexpected symbol near ')'
20210131 17:37:19 DEBUG e:\gitproject\moba_server\apps\test\main.cc:96  
1612085839
20210131 17:37:19 DEBUG e:\gitproject\moba_server\apps\test\main.cc:97  
1612022400
20210131 17:37:19 DEBUG e:\gitproject\moba_server\apps\test\main.cc:98  
1517414400
20210131 17:37:19 DEBUG e:\gitproject\moba_server\apps\test\main.cc:104  
2021-01-30 00:00:00
20210131 17:37:19 DEBUG ./main.lua:1  
HelloWorld
20210131 17:37:58 DEBUG e:\gitproject\moba_server\apps\test\main.cc:96  
1612085878
20210131 17:37:58 DEBUG e:\gitproject\moba_server\apps\test\main.cc:97  
1612022400
20210131 17:37:58 DEBUG e:\gitproject\moba_server\apps\test\main.cc:98  
1517414400
20210131 17:37:58 DEBUG e:\gitproject\moba_server\apps\test\main.cc:104  
2021-01-30 00:00:00
20210131 17:37:58 DEBUG ./main.lua:1  
HelloWorld
20210131 17:37:58 DEBUG ./main.lua:33  
event call
20210131 17:40:47 DEBUG e:\gitproject\moba_server\apps\test\main.cc:96  
1612086047
20210131 17:40:47 DEBUG e:\gitproject\moba_server\apps\test\main.cc:97  
1612022400
20210131 17:40:47 DEBUG e:\gitproject\moba_server\apps\test\main.cc:98  
1517414400
20210131 17:40:47 DEBUG e:\gitproject\moba_server\apps\test\main.cc:104  
2021-01-30 00:00:00
20210131 17:40:47 DEBUG ./main.lua:1  
HelloWorld
20210131 17:40:47 DEBUG ./main.lua:33  
event call
20210131 17:41:59 DEBUG e:\gitproject\moba_server\apps\test\main.cc:96  
1612086119
20210131 17:41:59 DEBUG e:\gitproject\moba_server\apps\test\main.cc:97  
1612022400
20210131 17:41:59 DEBUG e:\gitproject\moba_server\apps\test\main.cc:98  
1517414400
20210131 17:41:59 DEBUG e:\gitproject\moba_server\apps\test\main.cc:104  
2021-01-30 00:00:00
20210131 17:41:59 DEBUG ./main.lua:1  
HelloWorld
20210131 17:41:59 DEBUG ./main.lua:33  
event call
20210131 17:42:38 DEBUG e:\gitproject\moba_server\apps\test\main.cc:96  
1612086158
20210131 17:42:38 DEBUG e:\gitproject\moba_server\apps\test\main.cc:97  
1612022400
20210131 17:42:38 DEBUG e:\gitproject\moba_server\apps\test\main.cc:98  
1517414400
20210131 17:42:38 DEBUG e:\gitproject\moba_server\apps\test\main.cc:104  
2021-01-30 00:00:00
20210131 17:42:38 DEBUG ./main.lua:1  
HelloWorld
20210131 17:42:38 DEBUG ./main.lua:33  
event call
20210131 18:01:06 DEBUG e:\gitproject\moba_server\apps\test\main.cc:83  
1612087266
20210131 18:01:06 DEBUG e:\gitproject\moba_server\apps\test\main.cc:84  
1612022400
20210131 18:01:06 DEBUG e:\gitproject\moba_server\apps\test\main.cc:85  
1517414400
20210131 18:01:06 DEBUG e:\gitproject\moba_server\apps\test\main.cc:91  
2021-01-30 00:00:00
20210131 18:01:06 DEBUG ./main.lua:1  
HelloWorld
20210131 18:01:07 DEBUG ./main.lua:33  
event call
