20210310 23:47:10 DEBUG ../../apps/lua_test/scripts/main.lua:27  
start service success !!!!
20210310 23:47:23 DEBUG ../../apps/lua_test/scripts/echo_server.lua:2  
1
20210310 23:47:23 DEBUG ../../apps/lua_test/scripts/echo_server.lua:3  
1
20210310 23:47:23 DEBUG ../../apps/lua_test/scripts/echo_server.lua:4  
0
20210310 23:47:23 DEBUG ../../apps/lua_test/scripts/echo_server.lua:7  
blake
20210310 23:47:23 DEBUG ../../apps/lua_test/scripts/echo_server.lua:8  
blake@bycw.edu
20210310 23:47:23 DEBUG ../../apps/lua_test/scripts/echo_server.lua:9  
34
20210310 23:48:06 DEBUG ../../apps/lua_test/scripts/echo_server.lua:2  
1
20210310 23:48:06 DEBUG ../../apps/lua_test/scripts/echo_server.lua:3  
1
20210310 23:48:06 DEBUG ../../apps/lua_test/scripts/echo_server.lua:4  
0
20210310 23:48:06 DEBUG ../../apps/lua_test/scripts/echo_server.lua:7  
blake
20210310 23:48:06 DEBUG ../../apps/lua_test/scripts/echo_server.lua:8  
blake@bycw.edu
20210310 23:48:06 DEBUG ../../apps/lua_test/scripts/echo_server.lua:9  
34
20210310 23:52:54 DEBUG ../../apps/lua_test/scripts/main.lua:27  
start service success !!!!
20210310 23:53:03 DEBUG ../../apps/lua_test/scripts/echo_server.lua:2  
1
20210310 23:53:03 DEBUG ../../apps/lua_test/scripts/echo_server.lua:3  
1
20210310 23:53:03 DEBUG ../../apps/lua_test/scripts/echo_server.lua:4  
0
20210310 23:53:03 DEBUG ../../apps/lua_test/scripts/echo_server.lua:7  
blake
20210310 23:53:03 DEBUG ../../apps/lua_test/scripts/echo_server.lua:8  
blake@bycw.edu
20210310 23:53:03 DEBUG ../../apps/lua_test/scripts/echo_server.lua:9  
34
20210310 23:53:22 DEBUG ../../apps/lua_test/scripts/echo_server.lua:18  
echo_session_disconnect 127.0.0.1 : 58617
20210310 23:53:43 DEBUG ../../apps/lua_test/scripts/echo_server.lua:2  
1
20210310 23:53:43 DEBUG ../../apps/lua_test/scripts/echo_server.lua:3  
1
20210310 23:53:43 DEBUG ../../apps/lua_test/scripts/echo_server.lua:4  
0
20210310 23:53:43 DEBUG ../../apps/lua_test/scripts/echo_server.lua:7  
blake
20210310 23:53:43 DEBUG ../../apps/lua_test/scripts/echo_server.lua:8  
blake@bycw.edu
20210310 23:53:43 DEBUG ../../apps/lua_test/scripts/echo_server.lua:9  
34
20210310 23:53:46 DEBUG ../../apps/lua_test/scripts/echo_server.lua:18  
echo_session_disconnect 127.0.0.1 : 58625
