20210120 00:06:36 DEBUG e:\gitproject\moba_server\apps\test\main.cc:96  
1611072396
20210120 00:06:36 DEBUG e:\gitproject\moba_server\apps\test\main.cc:97  
1611072000
20210120 00:06:36 DEBUG e:\gitproject\moba_server\apps\test\main.cc:98  
1517414400
20210120 00:06:36 DEBUG e:\gitproject\moba_server\apps\test\main.cc:104  
2021-01-19 00:00:00
20210120 00:06:36 DEBUG ./main.lua:1  
HelloWorld
20210120 00:06:37 DEBUG ./main.lua:3  
event call
20210120 00:07:19 DEBUG e:\gitproject\moba_server\apps\test\main.cc:96  
1611072439
20210120 00:07:19 DEBUG e:\gitproject\moba_server\apps\test\main.cc:97  
1611072000
20210120 00:07:19 DEBUG e:\gitproject\moba_server\apps\test\main.cc:98  
1517414400
20210120 00:07:19 DEBUG e:\gitproject\moba_server\apps\test\main.cc:104  
2021-01-19 00:00:00
20210120 00:07:19 DEBUG ./main.lua:1  
HelloWorld
20210120 00:07:21 DEBUG ./main.lua:3  
event call
