20210117 00:19:39 DEBUG e:\gitproject\moba_server\apps\test\main.cc:97  
1610813979
20210117 00:19:39 DEBUG e:\gitproject\moba_server\apps\test\main.cc:98  
1610812800
20210117 00:19:39 DEBUG e:\gitproject\moba_server\apps\test\main.cc:99  
1517414400
20210117 00:19:39 DEBUG e:\gitproject\moba_server\apps\test\main.cc:105  
2021-01-16 00:00:00
20210117 00:19:39 ERROR ./main.lua:2  
测试errorlog
20210117 00:20:18 DEBUG e:\gitproject\moba_server\apps\test\main.cc:97  
1610814018
20210117 00:20:18 DEBUG e:\gitproject\moba_server\apps\test\main.cc:98  
1610812800
20210117 00:20:18 DEBUG e:\gitproject\moba_server\apps\test\main.cc:99  
1517414400
20210117 00:20:18 DEBUG e:\gitproject\moba_server\apps\test\main.cc:105  
2021-01-16 00:00:00
20210117 00:20:18 ERROR ./main.lua:2  
test error log
