  base64_decoder.c
  base64_encoder.c
  md5.c
  sha1.c
  http_parser.c
  fs-poll.c
  inet.c
  threadpool.c
  uv-common.c
  version.c
  async.c
  core.c
  dl.c
  error.c
  fs-event.c
  fs.c
  getaddrinfo.c
  getnameinfo.c
  handle.c
  loop-watcher.c
  正在生成代码...
  正在编译...
  pipe.c
  poll.c
  process-stdio.c
  process.c
  req.c
  signal.c
  snprintf.c
  stream.c
  tcp.c
  thread.c
  timer.c
  tty.c
  udp.c
  util.c
  winapi.c
  winsock.c
  json.c
e:\cprojects\moba_game_server\moba_server\3rd\mjson\json.c(1338): warning C4477: “fprintf”: 格式字符串“%lX”需要类型“unsigned long”的参数，但可变参数 1 拥有了类型“int64_t”
  e:\cprojects\moba_game_server\moba_server\3rd\mjson\json.c(1338): note: 请考虑在格式字符串中使用“%llX”
  e:\cprojects\moba_game_server\moba_server\3rd\mjson\json.c(1338): note: 请考虑在格式字符串中使用“%I64X”
  cache_alloc.c
  正在生成代码...
  main.cc
  netbus.cc
  session_uv.cc
  tp_protocol.cc
  ws_protocol.cc
  正在生成代码...
  moba_gameserver.vcxproj -> E:\CProjects\moba_game_server\moba_server\build\proj.win32\Debug\moba_gameserver.exe
